# JRE version: OpenJDK Runtime Environment (8.0_322) (build 1.8.0_322-ga)
# Java VM: OpenJDK 64-Bit Server VM (25.322-bga mixed mode linux-amd64 compressed oops)
Heap:
 PSYoungGen      total 305664K, used 170121K [0x00000000eab00000, 0x0000000100000000, 0x0000000100000000)
  eden space 262144K, 57% used [0x00000000eab00000,0x00000000f3e121a0,0x00000000fab00000)
  from space 43520K, 44% used [0x00000000fd580000,0x00000000fe890300,0x0000000100000000)
  to   space 43520K, 0% used [0x00000000fab00000,0x00000000fab00000,0x00000000fd580000)
 ParOldGen       total 699392K, used 29282K [0x00000000c0000000, 0x00000000eab00000, 0x00000000eab00000)
  object space 699392K, 4% used [0x00000000c0000000,0x00000000c1c98ae8,0x00000000eab00000)
 Metaspace       used 37862K, capacity 39304K, committed 39552K, reserved 1083392K
  class space    used 4665K, capacity 4967K, committed 4992K, reserved 1048576K
GC Heap History (10 events):
Event: 7.465 GC heap before
{Heap before GC invocations=2 (full 1):
 PSYoungGen      total 305664K, used 13706K [0x00000000eab00000, 0x0000000100000000, 0x0000000100000000)
  eden space 262144K, 0% used [0x00000000eab00000,0x00000000eab00000,0x00000000fab00000)
  from space 43520K, 31% used [0x00000000fab00000,0x00000000fb862be0,0x00000000fd580000)
  to   space 43520K, 0% used [0x00000000fd580000,0x00000000fd580000,0x0000000100000000)
 ParOldGen       total 699392K, used 80K [0x00000000c0000000, 0x00000000eab00000, 0x00000000eab00000)
  object space 699392K, 0% used [0x00000000c0000000,0x00000000c0014010,0x00000000eab00000)
 Metaspace       used 20812K, capacity 21128K, committed 21296K, reserved 1069056K
  class space    used 2589K, capacity 2667K, committed 2688K, reserved 1048576K
Event: 7.646 GC heap after
Heap after GC invocations=2 (full 1):
 PSYoungGen      total 305664K, used 0K [0x00000000eab00000, 0x0000000100000000, 0x0000000100000000)
  eden space 262144K, 0% used [0x00000000eab00000,0x00000000eab00000,0x00000000fab00000)
  from space 43520K, 0% used [0x00000000fab00000,0x00000000fab00000,0x00000000fd580000)
  to   space 43520K, 0% used [0x00000000fd580000,0x00000000fd580000,0x0000000100000000)
 ParOldGen       total 699392K, used 13109K [0x00000000c0000000, 0x00000000eab00000, 0x00000000eab00000)
  object space 699392K, 1% used [0x00000000c0000000,0x00000000c0ccd748,0x00000000eab00000)
 Metaspace       used 20812K, capacity 21128K, committed 21296K, reserved 1069056K
  class space    used 2589K, capacity 2667K, committed 2688K, reserved 1048576K
}
Event: 144.359 GC heap before
{Heap before GC invocations=3 (full 1):
 PSYoungGen      total 305664K, used 99779K [0x00000000eab00000, 0x0000000100000000, 0x0000000100000000)
  eden space 262144K, 38% used [0x00000000eab00000,0x00000000f0c70d10,0x00000000fab00000)
  from space 43520K, 0% used [0x00000000fab00000,0x00000000fab00000,0x00000000fd580000)
  to   space 43520K, 0% used [0x00000000fd580000,0x00000000fd580000,0x0000000100000000)
 ParOldGen       total 699392K, used 13109K [0x00000000c0000000, 0x00000000eab00000, 0x00000000eab00000)
  object space 699392K, 1% used [0x00000000c0000000,0x00000000c0ccd748,0x00000000eab00000)
 Metaspace       used 34162K, capacity 35366K, committed 35496K, reserved 1081344K
  class space    used 4288K, capacity 4519K, committed 4608K, reserved 1048576K
Event: 144.581 GC heap after
Heap after GC invocations=3 (full 1):
 PSYoungGen      total 305664K, used 28884K [0x00000000eab00000, 0x0000000100000000, 0x0000000100000000)
  eden space 262144K, 0% used [0x00000000eab00000,0x00000000eab00000,0x00000000fab00000)
  from space 43520K, 66% used [0x00000000fd580000,0x00000000ff1b52d0,0x0000000100000000)
  to   space 43520K, 0% used [0x00000000fab00000,0x00000000fab00000,0x00000000fd580000)
 ParOldGen       total 699392K, used 13117K [0x00000000c0000000, 0x00000000eab00000, 0x00000000eab00000)
  object space 699392K, 1% used [0x00000000c0000000,0x00000000c0ccf748,0x00000000eab00000)
 Metaspace       used 34162K, capacity 35366K, committed 35496K, reserved 1081344K
  class space    used 4288K, capacity 4519K, committed 4608K, reserved 1048576K
}
Event: 144.581 GC heap before
{Heap before GC invocations=4 (full 2):
 PSYoungGen      total 305664K, used 28884K [0x00000000eab00000, 0x0000000100000000, 0x0000000100000000)
  eden space 262144K, 0% used [0x00000000eab00000,0x00000000eab00000,0x00000000fab00000)
  from space 43520K, 66% used [0x00000000fd580000,0x00000000ff1b52d0,0x0000000100000000)
  to   space 43520K, 0% used [0x00000000fab00000,0x00000000fab00000,0x00000000fd580000)
 ParOldGen       total 699392K, used 13117K [0x00000000c0000000, 0x00000000eab00000, 0x00000000eab00000)
  object space 699392K, 1% used [0x00000000c0000000,0x00000000c0ccf748,0x00000000eab00000)
 Metaspace       used 34162K, capacity 35366K, committed 35496K, reserved 1081344K
  class space    used 4288K, capacity 4519K, committed 4608K, reserved 1048576K
Event: 145.027 GC heap after
Heap after GC invocations=4 (full 2):
 PSYoungGen      total 305664K, used 0K [0x00000000eab00000, 0x0000000100000000, 0x0000000100000000)
  eden space 262144K, 0% used [0x00000000eab00000,0x00000000eab00000,0x00000000fab00000)
  from space 43520K, 0% used [0x00000000fd580000,0x00000000fd580000,0x0000000100000000)
  to   space 43520K, 0% used [0x00000000fab00000,0x00000000fab00000,0x00000000fd580000)
 ParOldGen       total 699392K, used 29266K [0x00000000c0000000, 0x00000000eab00000, 0x00000000eab00000)
  object space 699392K, 4% used [0x00000000c0000000,0x00000000c1c94ae8,0x00000000eab00000)
 Metaspace       used 34162K, capacity 35366K, committed 35496K, reserved 1081344K
  class space    used 4288K, capacity 4519K, committed 4608K, reserved 1048576K
}
Event: 751.674 GC heap before
{Heap before GC invocations=5 (full 2):
 PSYoungGen      total 305664K, used 262144K [0x00000000eab00000, 0x0000000100000000, 0x0000000100000000)
  eden space 262144K, 100% used [0x00000000eab00000,0x00000000fab00000,0x00000000fab00000)
  from space 43520K, 0% used [0x00000000fd580000,0x00000000fd580000,0x0000000100000000)
  to   space 43520K, 0% used [0x00000000fab00000,0x00000000fab00000,0x00000000fd580000)
 ParOldGen       total 699392K, used 29266K [0x00000000c0000000, 0x00000000eab00000, 0x00000000eab00000)
  object space 699392K, 4% used [0x00000000c0000000,0x00000000c1c94ae8,0x00000000eab00000)
 Metaspace       used 37356K, capacity 38810K, committed 39040K, reserved 1083392K
  class space    used 4636K, capacity 4950K, committed 4992K, reserved 1048576K
Event: 751.720 GC heap after
Heap after GC invocations=5 (full 2):
 PSYoungGen      total 305664K, used 10262K [0x00000000eab00000, 0x0000000100000000, 0x0000000100000000)
  eden space 262144K, 0% used [0x00000000eab00000,0x00000000eab00000,0x00000000fab00000)
  from space 43520K, 23% used [0x00000000fab00000,0x00000000fb505858,0x00000000fd580000)
  to   space 43520K, 0% used [0x00000000fd580000,0x00000000fd580000,0x0000000100000000)
 ParOldGen       total 699392K, used 29274K [0x00000000c0000000, 0x00000000eab00000, 0x00000000eab00000)
  object space 699392K, 4% used [0x00000000c0000000,0x00000000c1c96ae8,0x00000000eab00000)
 Metaspace       used 37356K, capacity 38810K, committed 39040K, reserved 1083392K
  class space    used 4636K, capacity 4950K, committed 4992K, reserved 1048576K
}
Event: 2623.538 GC heap before
{Heap before GC invocations=6 (full 2):
 PSYoungGen      total 305664K, used 272406K [0x00000000eab00000, 0x0000000100000000, 0x0000000100000000)
  eden space 262144K, 100% used [0x00000000eab00000,0x00000000fab00000,0x00000000fab00000)
  from space 43520K, 23% used [0x00000000fab00000,0x00000000fb505858,0x00000000fd580000)
  to   space 43520K, 0% used [0x00000000fd580000,0x00000000fd580000,0x0000000100000000)
 ParOldGen       total 699392K, used 29274K [0x00000000c0000000, 0x00000000eab00000, 0x00000000eab00000)
  object space 699392K, 4% used [0x00000000c0000000,0x00000000c1c96ae8,0x00000000eab00000)
 Metaspace       used 37806K, capacity 39232K, committed 39296K, reserved 1083392K
  class space    used 4665K, capacity 4967K, committed 4992K, reserved 1048576K
Event: 2623.602 GC heap after
Heap after GC invocations=6 (full 2):
 PSYoungGen      total 305664K, used 19520K [0x00000000eab00000, 0x0000000100000000, 0x0000000100000000)
  eden space 262144K, 0% used [0x00000000eab00000,0x00000000eab00000,0x00000000fab00000)
  from space 43520K, 44% used [0x00000000fd580000,0x00000000fe890300,0x0000000100000000)
  to   space 43520K, 0% used [0x00000000fab00000,0x00000000fab00000,0x00000000fd580000)
 ParOldGen       total 699392K, used 29282K [0x00000000c0000000, 0x00000000eab00000, 0x00000000eab00000)
  object space 699392K, 4% used [0x00000000c0000000,0x00000000c1c98ae8,0x00000000eab00000)
 Metaspace       used 37806K, capacity 39232K, committed 39296K, reserved 1083392K
  class space    used 4665K, capacity 4967K, committed 4992K, reserved 1048576K
}

